[0.232s] Invoking command in '/home/rokey/Desktop/rokey_F4/fuel_port_perception/src/fuel_port_perception': PYTHONPATH=/home/rokey/Desktop/rokey_F4/build/fuel_port_perception/prefix_override:/usr/lib/python3/dist-packages/colcon_core/task/python/colcon_distutils_commands:/home/rokey/Desktop/rokey_F4/install/fuel_port_perception/lib/python3.10/site-packages:${PYTHONPATH} /usr/bin/python3 -W ignore:setup.py install is deprecated -W ignore:easy_install command is deprecated setup.py egg_info --egg-base ../../../build/fuel_port_perception build --build-base /home/rokey/Desktop/rokey_F4/build/fuel_port_perception/build install --record /home/rokey/Desktop/rokey_F4/build/fuel_port_perception/install.log --single-version-externally-managed install_data
[0.322s] running egg_info
[0.322s] writing ../../../build/fuel_port_perception/fuel_port_perception.egg-info/PKG-INFO
[0.322s] writing dependency_links to ../../../build/fuel_port_perception/fuel_port_perception.egg-info/dependency_links.txt
[0.322s] writing entry points to ../../../build/fuel_port_perception/fuel_port_perception.egg-info/entry_points.txt
[0.322s] writing requirements to ../../../build/fuel_port_perception/fuel_port_perception.egg-info/requires.txt
[0.322s] writing top-level names to ../../../build/fuel_port_perception/fuel_port_perception.egg-info/top_level.txt
[0.322s] reading manifest file '../../../build/fuel_port_perception/fuel_port_perception.egg-info/SOURCES.txt'
[0.323s] writing manifest file '../../../build/fuel_port_perception/fuel_port_perception.egg-info/SOURCES.txt'
[0.323s] running build
[0.323s] running build_py
[0.323s] copying fuel_port_perception/fuel_parts_color_detector_node_v1.py -> /home/rokey/Desktop/rokey_F4/build/fuel_port_perception/build/lib/fuel_port_perception
[0.323s] running install
[0.323s] running install_lib
[0.323s] copying /home/rokey/Desktop/rokey_F4/build/fuel_port_perception/build/lib/fuel_port_perception/fuel_parts_color_detector_node_v1.py -> /home/rokey/Desktop/rokey_F4/install/fuel_port_perception/lib/python3.10/site-packages/fuel_port_perception
[0.323s] byte-compiling /home/rokey/Desktop/rokey_F4/install/fuel_port_perception/lib/python3.10/site-packages/fuel_port_perception/fuel_parts_color_detector_node_v1.py to fuel_parts_color_detector_node_v1.cpython-310.pyc
[0.325s] running install_data
[0.325s] running install_egg_info
[0.327s] removing '/home/rokey/Desktop/rokey_F4/install/fuel_port_perception/lib/python3.10/site-packages/fuel_port_perception-0.0.0-py3.10.egg-info' (and everything under it)
[0.327s] Copying ../../../build/fuel_port_perception/fuel_port_perception.egg-info to /home/rokey/Desktop/rokey_F4/install/fuel_port_perception/lib/python3.10/site-packages/fuel_port_perception-0.0.0-py3.10.egg-info
[0.327s] running install_scripts
[0.337s] Installing fuel_parts_color_detector_node_v1 script to /home/rokey/Desktop/rokey_F4/install/fuel_port_perception/lib/fuel_port_perception
[0.337s] Installing fuel_port_detector script to /home/rokey/Desktop/rokey_F4/install/fuel_port_perception/lib/fuel_port_perception
[0.337s] writing list of installed files to '/home/rokey/Desktop/rokey_F4/build/fuel_port_perception/install.log'
[0.348s] Invoked command in '/home/rokey/Desktop/rokey_F4/fuel_port_perception/src/fuel_port_perception' returned '0': PYTHONPATH=/home/rokey/Desktop/rokey_F4/build/fuel_port_perception/prefix_override:/usr/lib/python3/dist-packages/colcon_core/task/python/colcon_distutils_commands:/home/rokey/Desktop/rokey_F4/install/fuel_port_perception/lib/python3.10/site-packages:${PYTHONPATH} /usr/bin/python3 -W ignore:setup.py install is deprecated -W ignore:easy_install command is deprecated setup.py egg_info --egg-base ../../../build/fuel_port_perception build --build-base /home/rokey/Desktop/rokey_F4/build/fuel_port_perception/build install --record /home/rokey/Desktop/rokey_F4/build/fuel_port_perception/install.log --single-version-externally-managed install_data
