running egg_info
creating ../../build/fuel_port_perception/fuel_port_perception.egg-info
writing ../../build/fuel_port_perception/fuel_port_perception.egg-info/PKG-INFO
writing dependency_links to ../../build/fuel_port_perception/fuel_port_perception.egg-info/dependency_links.txt
writing entry points to ../../build/fuel_port_perception/fuel_port_perception.egg-info/entry_points.txt
writing requirements to ../../build/fuel_port_perception/fuel_port_perception.egg-info/requires.txt
writing top-level names to ../../build/fuel_port_perception/fuel_port_perception.egg-info/top_level.txt
writing manifest file '../../build/fuel_port_perception/fuel_port_perception.egg-info/SOURCES.txt'
reading manifest file '../../build/fuel_port_perception/fuel_port_perception.egg-info/SOURCES.txt'
writing manifest file '../../build/fuel_port_perception/fuel_port_perception.egg-info/SOURCES.txt'
running build
running build_py
creating /home/rokey/Desktop/rokey_F4/build/fuel_port_perception/build
creating /home/rokey/Desktop/rokey_F4/build/fuel_port_perception/build/lib
creating /home/rokey/Desktop/rokey_F4/build/fuel_port_perception/build/lib/fuel_port_perception
copying fuel_port_perception/fuel_port_detector_node.py -> /home/rokey/Desktop/rokey_F4/build/fuel_port_perception/build/lib/fuel_port_perception
copying fuel_port_perception/__init__.py -> /home/rokey/Desktop/rokey_F4/build/fuel_port_perception/build/lib/fuel_port_perception
running install
running install_lib
creating /home/rokey/Desktop/rokey_F4/install/fuel_port_perception/lib/python3.10/site-packages/fuel_port_perception
copying /home/rokey/Desktop/rokey_F4/build/fuel_port_perception/build/lib/fuel_port_perception/fuel_port_detector_node.py -> /home/rokey/Desktop/rokey_F4/install/fuel_port_perception/lib/python3.10/site-packages/fuel_port_perception
copying /home/rokey/Desktop/rokey_F4/build/fuel_port_perception/build/lib/fuel_port_perception/__init__.py -> /home/rokey/Desktop/rokey_F4/install/fuel_port_perception/lib/python3.10/site-packages/fuel_port_perception
byte-compiling /home/rokey/Desktop/rokey_F4/install/fuel_port_perception/lib/python3.10/site-packages/fuel_port_perception/fuel_port_detector_node.py to fuel_port_detector_node.cpython-310.pyc
byte-compiling /home/rokey/Desktop/rokey_F4/install/fuel_port_perception/lib/python3.10/site-packages/fuel_port_perception/__init__.py to __init__.cpython-310.pyc
running install_data
creating /home/rokey/Desktop/rokey_F4/install/fuel_port_perception/share/ament_index
creating /home/rokey/Desktop/rokey_F4/install/fuel_port_perception/share/ament_index/resource_index
creating /home/rokey/Desktop/rokey_F4/install/fuel_port_perception/share/ament_index/resource_index/packages
copying resource/fuel_port_perception -> /home/rokey/Desktop/rokey_F4/install/fuel_port_perception/share/ament_index/resource_index/packages
copying package.xml -> /home/rokey/Desktop/rokey_F4/install/fuel_port_perception/share/fuel_port_perception
running install_egg_info
Copying ../../build/fuel_port_perception/fuel_port_perception.egg-info to /home/rokey/Desktop/rokey_F4/install/fuel_port_perception/lib/python3.10/site-packages/fuel_port_perception-0.0.0-py3.10.egg-info
running install_scripts
Installing fuel_port_detector script to /home/rokey/Desktop/rokey_F4/install/fuel_port_perception/lib/fuel_port_perception
writing list of installed files to '/home/rokey/Desktop/rokey_F4/build/fuel_port_perception/install.log'
