/home/gwon/Desktop/rokey_F4/install/fuel_port_perception/lib/python3.10/site-packages/fuel_port_perception/aruco_marker_detector.py
/home/gwon/Desktop/rokey_F4/install/fuel_port_perception/lib/python3.10/site-packages/fuel_port_perception/__init__.py
/home/gwon/Desktop/rokey_F4/install/fuel_port_perception/lib/python3.10/site-packages/fuel_port_perception/create_aruco_marker_grid_visual_test.py
/home/gwon/Desktop/rokey_F4/install/fuel_port_perception/lib/python3.10/site-packages/fuel_port_perception/multi_color_detector.py
/home/gwon/Desktop/rokey_F4/install/fuel_port_perception/lib/python3.10/site-packages/fuel_port_perception/__pycache__/aruco_marker_detector.cpython-310.pyc
/home/gwon/Desktop/rokey_F4/install/fuel_port_perception/lib/python3.10/site-packages/fuel_port_perception/__pycache__/__init__.cpython-310.pyc
/home/gwon/Desktop/rokey_F4/install/fuel_port_perception/lib/python3.10/site-packages/fuel_port_perception/__pycache__/create_aruco_marker_grid_visual_test.cpython-310.pyc
/home/gwon/Desktop/rokey_F4/install/fuel_port_perception/lib/python3.10/site-packages/fuel_port_perception/__pycache__/multi_color_detector.cpython-310.pyc
/home/gwon/Desktop/rokey_F4/install/fuel_port_perception/share/ament_index/resource_index/packages/fuel_port_perception
/home/gwon/Desktop/rokey_F4/install/fuel_port_perception/share/fuel_port_perception/package.xml
/home/gwon/Desktop/rokey_F4/install/fuel_port_perception/share/fuel_port_perception/config/aruco_detector_params_visual_test.yaml
/home/gwon/Desktop/rokey_F4/install/fuel_port_perception/lib/python3.10/site-packages/fuel_port_perception-0.0.0-py3.10.egg-info/entry_points.txt
/home/gwon/Desktop/rokey_F4/install/fuel_port_perception/lib/python3.10/site-packages/fuel_port_perception-0.0.0-py3.10.egg-info/SOURCES.txt
/home/gwon/Desktop/rokey_F4/install/fuel_port_perception/lib/python3.10/site-packages/fuel_port_perception-0.0.0-py3.10.egg-info/requires.txt
/home/gwon/Desktop/rokey_F4/install/fuel_port_perception/lib/python3.10/site-packages/fuel_port_perception-0.0.0-py3.10.egg-info/zip-safe
/home/gwon/Desktop/rokey_F4/install/fuel_port_perception/lib/python3.10/site-packages/fuel_port_perception-0.0.0-py3.10.egg-info/dependency_links.txt
/home/gwon/Desktop/rokey_F4/install/fuel_port_perception/lib/python3.10/site-packages/fuel_port_perception-0.0.0-py3.10.egg-info/top_level.txt
/home/gwon/Desktop/rokey_F4/install/fuel_port_perception/lib/python3.10/site-packages/fuel_port_perception-0.0.0-py3.10.egg-info/PKG-INFO
/home/gwon/Desktop/rokey_F4/install/fuel_port_perception/lib/fuel_port_perception/aruco_marker_detector
/home/gwon/Desktop/rokey_F4/install/fuel_port_perception/lib/fuel_port_perception/multi_detector
