running develop
Removing /home/rokey/Desktop/rokey_F4/fuel_port_perception/install/fuel_port_perception/lib/python3.10/site-packages/fuel-port-perception.egg-link (link to .)
running egg_info
writing ../../build/fuel_port_perception/fuel_port_perception.egg-info/PKG-INFO
writing dependency_links to ../../build/fuel_port_perception/fuel_port_perception.egg-info/dependency_links.txt
writing entry points to ../../build/fuel_port_perception/fuel_port_perception.egg-info/entry_points.txt
writing requirements to ../../build/fuel_port_perception/fuel_port_perception.egg-info/requires.txt
writing top-level names to ../../build/fuel_port_perception/fuel_port_perception.egg-info/top_level.txt
reading manifest file '../../build/fuel_port_perception/fuel_port_perception.egg-info/SOURCES.txt'
writing manifest file '../../build/fuel_port_perception/fuel_port_perception.egg-info/SOURCES.txt'
running build
running build_py
copying fuel_port_perception/aruco_marker_detector_visual_test.py -> /home/rokey/Desktop/rokey_F4/fuel_port_perception/build/fuel_port_perception/build/lib/fuel_port_perception
running install
running install_lib
copying /home/rokey/Desktop/rokey_F4/fuel_port_perception/build/fuel_port_perception/build/lib/fuel_port_perception/aruco_marker_detector_visual_test.py -> /home/rokey/Desktop/rokey_F4/fuel_port_perception/install/fuel_port_perception/lib/python3.10/site-packages/fuel_port_perception
copying /home/rokey/Desktop/rokey_F4/fuel_port_perception/build/fuel_port_perception/build/lib/fuel_port_perception/__init__.py -> /home/rokey/Desktop/rokey_F4/fuel_port_perception/install/fuel_port_perception/lib/python3.10/site-packages/fuel_port_perception
copying /home/rokey/Desktop/rokey_F4/fuel_port_perception/build/fuel_port_perception/build/lib/fuel_port_perception/multi_color_detector.py -> /home/rokey/Desktop/rokey_F4/fuel_port_perception/install/fuel_port_perception/lib/python3.10/site-packages/fuel_port_perception
byte-compiling /home/rokey/Desktop/rokey_F4/fuel_port_perception/install/fuel_port_perception/lib/python3.10/site-packages/fuel_port_perception/aruco_marker_detector_visual_test.py to aruco_marker_detector_visual_test.cpython-310.pyc
byte-compiling /home/rokey/Desktop/rokey_F4/fuel_port_perception/install/fuel_port_perception/lib/python3.10/site-packages/fuel_port_perception/__init__.py to __init__.cpython-310.pyc
byte-compiling /home/rokey/Desktop/rokey_F4/fuel_port_perception/install/fuel_port_perception/lib/python3.10/site-packages/fuel_port_perception/multi_color_detector.py to multi_color_detector.cpython-310.pyc
running install_data
copying resource/fuel_port_perception -> /home/rokey/Desktop/rokey_F4/fuel_port_perception/install/fuel_port_perception/share/ament_index/resource_index/packages
copying package.xml -> /home/rokey/Desktop/rokey_F4/fuel_port_perception/install/fuel_port_perception/share/fuel_port_perception
running install_egg_info
Copying ../../build/fuel_port_perception/fuel_port_perception.egg-info to /home/rokey/Desktop/rokey_F4/fuel_port_perception/install/fuel_port_perception/lib/python3.10/site-packages/fuel_port_perception-0.0.0-py3.10.egg-info
running install_scripts
Installing aruco_marker script to /home/rokey/Desktop/rokey_F4/fuel_port_perception/install/fuel_port_perception/lib/fuel_port_perception
Installing multi_detector script to /home/rokey/Desktop/rokey_F4/fuel_port_perception/install/fuel_port_perception/lib/fuel_port_perception
writing list of installed files to '/home/rokey/Desktop/rokey_F4/fuel_port_perception/build/fuel_port_perception/install.log'
