[0.262s] Invoking command in '/home/rokey/Desktop/rokey_F4/fuel_port_perception/build/fuel_port_perception': PYTHONPATH=/home/rokey/Desktop/rokey_F4/fuel_port_perception/build/fuel_port_perception/prefix_override:/usr/lib/python3/dist-packages/colcon_core/task/python/colcon_distutils_commands:/home/rokey/Desktop/rokey_F4/fuel_port_perception/install/fuel_port_perception/lib/python3.10/site-packages:${PYTHONPATH} /usr/bin/python3 -W ignore:setup.py install is deprecated -W ignore:easy_install command is deprecated setup.py develop --uninstall --editable --build-directory /home/rokey/Desktop/rokey_F4/fuel_port_perception/build/fuel_port_perception/build
[0.371s] running develop
[0.429s] Removing /home/rokey/Desktop/rokey_F4/fuel_port_perception/install/fuel_port_perception/lib/python3.10/site-packages/fuel-port-perception.egg-link (link to .)
[0.444s] Invoked command in '/home/rokey/Desktop/rokey_F4/fuel_port_perception/build/fuel_port_perception' returned '0': PYTHONPATH=/home/rokey/Desktop/rokey_F4/fuel_port_perception/build/fuel_port_perception/prefix_override:/usr/lib/python3/dist-packages/colcon_core/task/python/colcon_distutils_commands:/home/rokey/Desktop/rokey_F4/fuel_port_perception/install/fuel_port_perception/lib/python3.10/site-packages:${PYTHONPATH} /usr/bin/python3 -W ignore:setup.py install is deprecated -W ignore:easy_install command is deprecated setup.py develop --uninstall --editable --build-directory /home/rokey/Desktop/rokey_F4/fuel_port_perception/build/fuel_port_perception/build
[0.445s] Invoking command in '/home/rokey/Desktop/rokey_F4/fuel_port_perception/src/fuel_port_perception': PYTHONPATH=/home/rokey/Desktop/rokey_F4/fuel_port_perception/build/fuel_port_perception/prefix_override:/usr/lib/python3/dist-packages/colcon_core/task/python/colcon_distutils_commands:/home/rokey/Desktop/rokey_F4/fuel_port_perception/install/fuel_port_perception/lib/python3.10/site-packages:${PYTHONPATH} /usr/bin/python3 -W ignore:setup.py install is deprecated -W ignore:easy_install command is deprecated setup.py egg_info --egg-base ../../build/fuel_port_perception build --build-base /home/rokey/Desktop/rokey_F4/fuel_port_perception/build/fuel_port_perception/build install --record /home/rokey/Desktop/rokey_F4/fuel_port_perception/build/fuel_port_perception/install.log --single-version-externally-managed install_data --force
[0.548s] running egg_info
[0.549s] writing ../../build/fuel_port_perception/fuel_port_perception.egg-info/PKG-INFO
[0.549s] writing dependency_links to ../../build/fuel_port_perception/fuel_port_perception.egg-info/dependency_links.txt
[0.549s] writing entry points to ../../build/fuel_port_perception/fuel_port_perception.egg-info/entry_points.txt
[0.549s] writing requirements to ../../build/fuel_port_perception/fuel_port_perception.egg-info/requires.txt
[0.549s] writing top-level names to ../../build/fuel_port_perception/fuel_port_perception.egg-info/top_level.txt
[0.549s] reading manifest file '../../build/fuel_port_perception/fuel_port_perception.egg-info/SOURCES.txt'
[0.550s] writing manifest file '../../build/fuel_port_perception/fuel_port_perception.egg-info/SOURCES.txt'
[0.550s] running build
[0.550s] running build_py
[0.550s] copying fuel_port_perception/aruco_marker_detector_visual_test.py -> /home/rokey/Desktop/rokey_F4/fuel_port_perception/build/fuel_port_perception/build/lib/fuel_port_perception
[0.550s] running install
[0.550s] running install_lib
[0.551s] copying /home/rokey/Desktop/rokey_F4/fuel_port_perception/build/fuel_port_perception/build/lib/fuel_port_perception/aruco_marker_detector_visual_test.py -> /home/rokey/Desktop/rokey_F4/fuel_port_perception/install/fuel_port_perception/lib/python3.10/site-packages/fuel_port_perception
[0.551s] copying /home/rokey/Desktop/rokey_F4/fuel_port_perception/build/fuel_port_perception/build/lib/fuel_port_perception/__init__.py -> /home/rokey/Desktop/rokey_F4/fuel_port_perception/install/fuel_port_perception/lib/python3.10/site-packages/fuel_port_perception
[0.551s] copying /home/rokey/Desktop/rokey_F4/fuel_port_perception/build/fuel_port_perception/build/lib/fuel_port_perception/multi_color_detector.py -> /home/rokey/Desktop/rokey_F4/fuel_port_perception/install/fuel_port_perception/lib/python3.10/site-packages/fuel_port_perception
[0.551s] byte-compiling /home/rokey/Desktop/rokey_F4/fuel_port_perception/install/fuel_port_perception/lib/python3.10/site-packages/fuel_port_perception/aruco_marker_detector_visual_test.py to aruco_marker_detector_visual_test.cpython-310.pyc
[0.553s] byte-compiling /home/rokey/Desktop/rokey_F4/fuel_port_perception/install/fuel_port_perception/lib/python3.10/site-packages/fuel_port_perception/__init__.py to __init__.cpython-310.pyc
[0.553s] byte-compiling /home/rokey/Desktop/rokey_F4/fuel_port_perception/install/fuel_port_perception/lib/python3.10/site-packages/fuel_port_perception/multi_color_detector.py to multi_color_detector.cpython-310.pyc
[0.554s] running install_data
[0.554s] copying resource/fuel_port_perception -> /home/rokey/Desktop/rokey_F4/fuel_port_perception/install/fuel_port_perception/share/ament_index/resource_index/packages
[0.554s] copying package.xml -> /home/rokey/Desktop/rokey_F4/fuel_port_perception/install/fuel_port_perception/share/fuel_port_perception
[0.554s] running install_egg_info
[0.555s] Copying ../../build/fuel_port_perception/fuel_port_perception.egg-info to /home/rokey/Desktop/rokey_F4/fuel_port_perception/install/fuel_port_perception/lib/python3.10/site-packages/fuel_port_perception-0.0.0-py3.10.egg-info
[0.555s] running install_scripts
[0.564s] Installing aruco_marker script to /home/rokey/Desktop/rokey_F4/fuel_port_perception/install/fuel_port_perception/lib/fuel_port_perception
[0.564s] Installing multi_detector script to /home/rokey/Desktop/rokey_F4/fuel_port_perception/install/fuel_port_perception/lib/fuel_port_perception
[0.564s] writing list of installed files to '/home/rokey/Desktop/rokey_F4/fuel_port_perception/build/fuel_port_perception/install.log'
[0.577s] Invoked command in '/home/rokey/Desktop/rokey_F4/fuel_port_perception/src/fuel_port_perception' returned '0': PYTHONPATH=/home/rokey/Desktop/rokey_F4/fuel_port_perception/build/fuel_port_perception/prefix_override:/usr/lib/python3/dist-packages/colcon_core/task/python/colcon_distutils_commands:/home/rokey/Desktop/rokey_F4/fuel_port_perception/install/fuel_port_perception/lib/python3.10/site-packages:${PYTHONPATH} /usr/bin/python3 -W ignore:setup.py install is deprecated -W ignore:easy_install command is deprecated setup.py egg_info --egg-base ../../build/fuel_port_perception build --build-base /home/rokey/Desktop/rokey_F4/fuel_port_perception/build/fuel_port_perception/build install --record /home/rokey/Desktop/rokey_F4/fuel_port_perception/build/fuel_port_perception/install.log --single-version-externally-managed install_data --force
