running develop
running egg_info
creating fuel_port_perception.egg-info
writing fuel_port_perception.egg-info/PKG-INFO
writing dependency_links to fuel_port_perception.egg-info/dependency_links.txt
writing entry points to fuel_port_perception.egg-info/entry_points.txt
writing requirements to fuel_port_perception.egg-info/requires.txt
writing top-level names to fuel_port_perception.egg-info/top_level.txt
writing manifest file 'fuel_port_perception.egg-info/SOURCES.txt'
reading manifest file 'fuel_port_perception.egg-info/SOURCES.txt'
writing manifest file 'fuel_port_perception.egg-info/SOURCES.txt'
running build_ext
Creating /home/rokey/fuel_port_detector/install/fuel_port_perception/lib/python3.10/site-packages/fuel-port-perception.egg-link (link to .)
Installing fuel_port_detector_node script to /home/rokey/fuel_port_detector/install/fuel_port_perception/lib/fuel_port_perception

Installed /home/rokey/fuel_port_detector/build/fuel_port_perception
running symlink_data
creating /home/rokey/fuel_port_detector/install/fuel_port_perception/share/ament_index
creating /home/rokey/fuel_port_detector/install/fuel_port_perception/share/ament_index/resource_index
creating /home/rokey/fuel_port_detector/install/fuel_port_perception/share/ament_index/resource_index/packages
symbolically linking /home/rokey/fuel_port_detector/build/fuel_port_perception/resource/fuel_port_perception -> /home/rokey/fuel_port_detector/install/fuel_port_perception/share/ament_index/resource_index/packages
symbolically linking /home/rokey/fuel_port_detector/build/fuel_port_perception/package.xml -> /home/rokey/fuel_port_detector/install/fuel_port_perception/share/fuel_port_perception
