[0.770s] Invoking command in '/home/rokey/fuel_port_detector/build/fuel_port_perception': PYTHONPATH=/home/rokey/fuel_port_detector/build/fuel_port_perception/prefix_override:/usr/lib/python3/dist-packages/colcon_core/task/python/colcon_distutils_commands:/home/rokey/fuel_port_detector/install/fuel_port_perception/lib/python3.10/site-packages:${PYTHONPATH} /usr/bin/python3 -W ignore:setup.py install is deprecated -W ignore:easy_install command is deprecated setup.py develop --editable --build-directory /home/rokey/fuel_port_detector/build/fuel_port_perception/build --no-deps symlink_data
[1.065s] running develop
[1.334s] running egg_info
[1.334s] creating fuel_port_perception.egg-info
[1.334s] writing fuel_port_perception.egg-info/PKG-INFO
[1.334s] writing dependency_links to fuel_port_perception.egg-info/dependency_links.txt
[1.335s] writing entry points to fuel_port_perception.egg-info/entry_points.txt
[1.335s] writing requirements to fuel_port_perception.egg-info/requires.txt
[1.335s] writing top-level names to fuel_port_perception.egg-info/top_level.txt
[1.335s] writing manifest file 'fuel_port_perception.egg-info/SOURCES.txt'
[1.338s] reading manifest file 'fuel_port_perception.egg-info/SOURCES.txt'
[1.340s] writing manifest file 'fuel_port_perception.egg-info/SOURCES.txt'
[1.342s] running build_ext
[1.343s] Creating /home/rokey/fuel_port_detector/install/fuel_port_perception/lib/python3.10/site-packages/fuel-port-perception.egg-link (link to .)
[1.344s] Installing fuel_port_detector_node script to /home/rokey/fuel_port_detector/install/fuel_port_perception/lib/fuel_port_perception
[1.344s] 
[1.345s] Installed /home/rokey/fuel_port_detector/build/fuel_port_perception
[1.345s] running symlink_data
[1.345s] creating /home/rokey/fuel_port_detector/install/fuel_port_perception/share/ament_index
[1.345s] creating /home/rokey/fuel_port_detector/install/fuel_port_perception/share/ament_index/resource_index
[1.345s] creating /home/rokey/fuel_port_detector/install/fuel_port_perception/share/ament_index/resource_index/packages
[1.345s] symbolically linking /home/rokey/fuel_port_detector/build/fuel_port_perception/resource/fuel_port_perception -> /home/rokey/fuel_port_detector/install/fuel_port_perception/share/ament_index/resource_index/packages
[1.345s] symbolically linking /home/rokey/fuel_port_detector/build/fuel_port_perception/package.xml -> /home/rokey/fuel_port_detector/install/fuel_port_perception/share/fuel_port_perception
[1.380s] Invoked command in '/home/rokey/fuel_port_detector/build/fuel_port_perception' returned '0': PYTHONPATH=/home/rokey/fuel_port_detector/build/fuel_port_perception/prefix_override:/usr/lib/python3/dist-packages/colcon_core/task/python/colcon_distutils_commands:/home/rokey/fuel_port_detector/install/fuel_port_perception/lib/python3.10/site-packages:${PYTHONPATH} /usr/bin/python3 -W ignore:setup.py install is deprecated -W ignore:easy_install command is deprecated setup.py develop --editable --build-directory /home/rokey/fuel_port_detector/build/fuel_port_perception/build --no-deps symlink_data
